<?xml version="1.0" encoding="UTF-8"?>
<testng-results skipped="0" failed="0" total="0" passed="0">
  <reporter-output>
  </reporter-output>
  <suite name="com.selenium.employ.AppTest" duration-ms="3" started-at="2018-09-18T11:27:57Z" finished-at="2018-09-18T11:27:57Z">
    <groups>
    </groups>
    <test name="Command line test" duration-ms="3" started-at="2018-09-18T11:27:57Z" finished-at="2018-09-18T11:27:57Z">
    </test> <!-- Command line test -->
  </suite> <!-- com.selenium.employ.AppTest -->
</testng-results>
